C:\lscc\iCEcube2.2020.12\synpbase\bin64\c_hdl.exe  -osyn  C:\Users\ed\Documents\GoBoardProjects\prj_x_goCpu\go_cpu\go_cpu_Implmnt\synwork\go_cpu_comp.srs  -hdllog  C:\Users\ed\Documents\GoBoardProjects\prj_x_goCpu\go_cpu\go_cpu_Implmnt\synlog\go_cpu_compiler.srr  -encrypt  -mp  4  -verification_mode 0  -vhdl  -prodtype  synplify_pro  -primux -fixsmult -infer_seqShift -ice -sdff_counter -nram -divnmod -nostructver  -encrypt  -pro  -dmgen  C:\Users\ed\Documents\GoBoardProjects\prj_x_goCpu\go_cpu\go_cpu_Implmnt\dm  -lite -ui -fid2 -ram -sharing on -ll 2000 -autosm  -ignore_undefined_lib  -lib work C:\Users\ed\Documents\GoBoardProjects\prj_x_goCpu\ed_cpu_top.vhd -lib work C:\Users\ed\Documents\GoBoardProjects\prj_x_goCpu\algorithmic_logic_unit\alu_types.vhd -lib work C:\Users\ed\Documents\GoBoardProjects\prj_x_goCpu\algorithmic_logic_unit\algorithmic_logic_unit.vhd -lib work C:\Users\ed\Documents\GoBoardProjects\prj_x_goCpu\decoder\decoder_types.vhd -lib work C:\Users\ed\Documents\GoBoardProjects\prj_x_goCpu\decoder\decoder.vhd -lib work C:\Users\ed\Documents\GoBoardProjects\prj_x_goCpu\hw_manager\hw_manager.vhd -lib work C:\Users\ed\Documents\GoBoardProjects\prj_x_goCpu\hw_manager\hw_manager_types.vhd -lib work C:\Users\ed\Documents\GoBoardProjects\prj_x_goCpu\interpreter\interpreter_types.vhd -lib work C:\Users\ed\Documents\GoBoardProjects\prj_x_goCpu\interpreter\interpreter.vhd -lib work C:\Users\ed\Documents\GoBoardProjects\prj_x_goCpu\ram_accessor\ram_module.vhd -lib work C:\Users\ed\Documents\GoBoardProjects\prj_x_goCpu\seven_seg_disp\gen_7_seg_disp.vhd -lib work C:\Users\ed\Documents\GoBoardProjects\prj_x_goCpu\uart_usb\gen_uart_tx.vhd -lib work C:\Users\ed\Documents\GoBoardProjects\prj_x_goCpu\uart_usb\gen_uart_recv.vhd -lib work C:\Users\ed\Documents\GoBoardProjects\prj_x_goCpu\fifo\fifo.vhd -lib work C:\Users\ed\Documents\GoBoardProjects\prj_x_goCpu\fifo\fifo_types.vhd -lib work C:\Users\ed\Documents\GoBoardProjects\prj_x_goCpu\register_transfer\register_transfer.vhd 
rc:2 success:0 runtime:1
file:C:\Users\ed\Documents\GoBoardProjects\prj_x_goCpu\go_cpu\go_cpu_Implmnt\synwork\go_cpu_comp.srs|io:o|time:0|size:0|exec:0
file:C:\Users\ed\Documents\GoBoardProjects\prj_x_goCpu\go_cpu\go_cpu_Implmnt\synlog\go_cpu_compiler.srr|io:o|time:1727169978|size:15843|exec:0
file:C:\Users\ed\Documents\GoBoardProjects\prj_x_goCpu\ed_cpu_top.vhd|io:i|time:1727086037|size:4492|exec:0
file:C:\Users\ed\Documents\GoBoardProjects\prj_x_goCpu\algorithmic_logic_unit\alu_types.vhd|io:i|time:1726887455|size:538|exec:0
file:C:\Users\ed\Documents\GoBoardProjects\prj_x_goCpu\algorithmic_logic_unit\algorithmic_logic_unit.vhd|io:i|time:1727169965|size:3321|exec:0
file:C:\Users\ed\Documents\GoBoardProjects\prj_x_goCpu\decoder\decoder_types.vhd|io:i|time:1726817530|size:400|exec:0
file:C:\Users\ed\Documents\GoBoardProjects\prj_x_goCpu\decoder\decoder.vhd|io:i|time:1726817546|size:1570|exec:0
file:C:\Users\ed\Documents\GoBoardProjects\prj_x_goCpu\hw_manager\hw_manager.vhd|io:i|time:1727086001|size:6353|exec:0
file:C:\Users\ed\Documents\GoBoardProjects\prj_x_goCpu\hw_manager\hw_manager_types.vhd|io:i|time:1726292871|size:1014|exec:0
file:C:\Users\ed\Documents\GoBoardProjects\prj_x_goCpu\interpreter\interpreter_types.vhd|io:i|time:1727084088|size:5802|exec:0
file:C:\Users\ed\Documents\GoBoardProjects\prj_x_goCpu\interpreter\interpreter.vhd|io:i|time:1727084164|size:7392|exec:0
file:C:\Users\ed\Documents\GoBoardProjects\prj_x_goCpu\ram_accessor\ram_module.vhd|io:i|time:1727084061|size:1952|exec:0
file:C:\Users\ed\Documents\GoBoardProjects\prj_x_goCpu\seven_seg_disp\gen_7_seg_disp.vhd|io:i|time:1721363248|size:3234|exec:0
file:C:\Users\ed\Documents\GoBoardProjects\prj_x_goCpu\uart_usb\gen_uart_tx.vhd|io:i|time:1725003017|size:3828|exec:0
file:C:\Users\ed\Documents\GoBoardProjects\prj_x_goCpu\uart_usb\gen_uart_recv.vhd|io:i|time:1725003008|size:3738|exec:0
file:C:\Users\ed\Documents\GoBoardProjects\prj_x_goCpu\fifo\fifo.vhd|io:i|time:1727084406|size:1560|exec:0
file:C:\Users\ed\Documents\GoBoardProjects\prj_x_goCpu\fifo\fifo_types.vhd|io:i|time:1725520007|size:511|exec:0
file:C:\Users\ed\Documents\GoBoardProjects\prj_x_goCpu\register_transfer\register_transfer.vhd|io:i|time:1727068469|size:618|exec:0
file:C:\lscc\iCEcube2.2020.12\synpbase\bin\c_hdl.exe|io:i|time:1704010355|size:1338368|exec:1
file:C:\lscc\iCEcube2.2020.12\synpbase\bin64\c_hdl.exe|io:i|time:1704010357|size:1754112|exec:1
